# JRE version: OpenJDK Runtime Environment Temurin-21.0.9+10 (21.0.9+10) (build 21.0.9+10-LTS)
# Java VM: OpenJDK 64-Bit Server VM Temurin-21.0.9+10 (21.0.9+10-LTS, mixed mode, sharing, tiered, compressed oops, compressed class ptrs, parallel gc, windows-amd64)
GC Precious Log:
 CardTable entry size: 512
 CPUs: 12 total, 12 available
 Memory: 7885M
 Large Page Support: Disabled
 NUMA Support: Disabled
 Compressed Oops: Enabled (32-bit)
 Alignments: Space 512K, Generation 512K, Heap 2M
 Heap Min Capacity: 100M
 Heap Initial Capacity: 100M
 Heap Max Capacity: 2G
 Pre-touch: Disabled
 Parallel Workers: 10
Heap:
 PSYoungGen      total 2048K, used 1331K [0x00000000d5580000, 0x00000000d5880000, 0x0000000100000000)
  eden space 1536K, 65% used [0x00000000d5580000,0x00000000d567ce80,0x00000000d5700000)
  from space 512K, 62% used [0x00000000d5780000,0x00000000d57d0000,0x00000000d5800000)
  to   space 512K, 0% used [0x00000000d5800000,0x00000000d5800000,0x00000000d5880000)
 ParOldGen       total 567296K, used 567204K [0x0000000080000000, 0x00000000a2a00000, 0x00000000d5580000)
  object space 567296K, 99% used [0x0000000080000000,0x00000000a29e92b0,0x00000000a2a00000)
 Metaspace       used 87272K, committed 88960K, reserved 1179648K
  class space    used 10646K, committed 11392K, reserved 1048576K
GC Heap History (20 events):
Event: 258.960 GC heap before
{Heap before GC invocations=585 (full 3):
 PSYoungGen      total 2560K, used 1792K [0x00000000d5580000, 0x00000000d5880000, 0x0000000100000000)
  eden space 1536K, 100% used [0x00000000d5580000,0x00000000d5700000,0x00000000d5700000)
  from space 1024K, 25% used [0x00000000d5700000,0x00000000d5740000,0x00000000d5800000)
  to   space 512K, 0% used [0x00000000d5800000,0x00000000d5800000,0x00000000d5880000)
 ParOldGen       total 566272K, used 565941K [0x0000000080000000, 0x00000000a2900000, 0x00000000d5580000)
  object space 566272K, 99% used [0x0000000080000000,0x00000000a28ad670,0x00000000a2900000)
 Metaspace       used 86135K, committed 87872K, reserved 1179648K
  class space    used 10483K, committed 11264K, reserved 1048576K
}
Event: 259.105 GC heap after
{Heap after GC invocations=585 (full 3):
 PSYoungGen      total 2048K, used 288K [0x00000000d5580000, 0x00000000d5880000, 0x0000000100000000)
  eden space 1536K, 0% used [0x00000000d5580000,0x00000000d5580000,0x00000000d5700000)
  from space 512K, 56% used [0x00000000d5800000,0x00000000d5848000,0x00000000d5880000)
  to   space 512K, 0% used [0x00000000d5780000,0x00000000d5780000,0x00000000d5800000)
 ParOldGen       total 566272K, used 566029K [0x0000000080000000, 0x00000000a2900000, 0x00000000d5580000)
  object space 566272K, 99% used [0x0000000080000000,0x00000000a28c3670,0x00000000a2900000)
 Metaspace       used 86135K, committed 87872K, reserved 1179648K
  class space    used 10483K, committed 11264K, reserved 1048576K
}
Event: 455.695 GC heap before
{Heap before GC invocations=586 (full 3):
 PSYoungGen      total 2048K, used 1824K [0x00000000d5580000, 0x00000000d5880000, 0x0000000100000000)
  eden space 1536K, 100% used [0x00000000d5580000,0x00000000d5700000,0x00000000d5700000)
  from space 512K, 56% used [0x00000000d5800000,0x00000000d5848000,0x00000000d5880000)
  to   space 512K, 0% used [0x00000000d5780000,0x00000000d5780000,0x00000000d5800000)
 ParOldGen       total 566272K, used 566029K [0x0000000080000000, 0x00000000a2900000, 0x00000000d5580000)
  object space 566272K, 99% used [0x0000000080000000,0x00000000a28c3670,0x00000000a2900000)
 Metaspace       used 86181K, committed 87872K, reserved 1179648K
  class space    used 10485K, committed 11264K, reserved 1048576K
}
Event: 455.935 GC heap after
{Heap after GC invocations=586 (full 3):
 PSYoungGen      total 2048K, used 320K [0x00000000d5580000, 0x00000000d5880000, 0x0000000100000000)
  eden space 1536K, 0% used [0x00000000d5580000,0x00000000d5580000,0x00000000d5700000)
  from space 512K, 62% used [0x00000000d5780000,0x00000000d57d0000,0x00000000d5800000)
  to   space 512K, 0% used [0x00000000d5800000,0x00000000d5800000,0x00000000d5880000)
 ParOldGen       total 566272K, used 566101K [0x0000000080000000, 0x00000000a2900000, 0x00000000d5580000)
  object space 566272K, 99% used [0x0000000080000000,0x00000000a28d5670,0x00000000a2900000)
 Metaspace       used 86181K, committed 87872K, reserved 1179648K
  class space    used 10485K, committed 11264K, reserved 1048576K
}
Event: 457.207 GC heap before
{Heap before GC invocations=587 (full 3):
 PSYoungGen      total 2048K, used 1849K [0x00000000d5580000, 0x00000000d5880000, 0x0000000100000000)
  eden space 1536K, 99% used [0x00000000d5580000,0x00000000d56fe730,0x00000000d5700000)
  from space 512K, 62% used [0x00000000d5780000,0x00000000d57d0000,0x00000000d5800000)
  to   space 512K, 0% used [0x00000000d5800000,0x00000000d5800000,0x00000000d5880000)
 ParOldGen       total 566272K, used 566101K [0x0000000080000000, 0x00000000a2900000, 0x00000000d5580000)
  object space 566272K, 99% used [0x0000000080000000,0x00000000a28d5670,0x00000000a2900000)
 Metaspace       used 86374K, committed 88064K, reserved 1179648K
  class space    used 10511K, committed 11264K, reserved 1048576K
}
Event: 457.213 GC heap after
{Heap after GC invocations=587 (full 3):
 PSYoungGen      total 2048K, used 320K [0x00000000d5580000, 0x00000000d5880000, 0x0000000100000000)
  eden space 1536K, 0% used [0x00000000d5580000,0x00000000d5580000,0x00000000d5700000)
  from space 512K, 62% used [0x00000000d5800000,0x00000000d5850020,0x00000000d5880000)
  to   space 512K, 0% used [0x00000000d5780000,0x00000000d5780000,0x00000000d5800000)
 ParOldGen       total 566272K, used 566165K [0x0000000080000000, 0x00000000a2900000, 0x00000000d5580000)
  object space 566272K, 99% used [0x0000000080000000,0x00000000a28e5670,0x00000000a2900000)
 Metaspace       used 86374K, committed 88064K, reserved 1179648K
  class space    used 10511K, committed 11264K, reserved 1048576K
}
Event: 459.567 GC heap before
{Heap before GC invocations=588 (full 3):
 PSYoungGen      total 2048K, used 1856K [0x00000000d5580000, 0x00000000d5880000, 0x0000000100000000)
  eden space 1536K, 100% used [0x00000000d5580000,0x00000000d5700000,0x00000000d5700000)
  from space 512K, 62% used [0x00000000d5800000,0x00000000d5850020,0x00000000d5880000)
  to   space 512K, 0% used [0x00000000d5780000,0x00000000d5780000,0x00000000d5800000)
 ParOldGen       total 566272K, used 566165K [0x0000000080000000, 0x00000000a2900000, 0x00000000d5580000)
  object space 566272K, 99% used [0x0000000080000000,0x00000000a28e5670,0x00000000a2900000)
 Metaspace       used 86551K, committed 88192K, reserved 1179648K
  class space    used 10529K, committed 11264K, reserved 1048576K
}
Event: 459.573 GC heap after
{Heap after GC invocations=588 (full 3):
 PSYoungGen      total 2048K, used 320K [0x00000000d5580000, 0x00000000d5880000, 0x0000000100000000)
  eden space 1536K, 0% used [0x00000000d5580000,0x00000000d5580000,0x00000000d5700000)
  from space 512K, 62% used [0x00000000d5780000,0x00000000d57d0000,0x00000000d5800000)
  to   space 512K, 0% used [0x00000000d5800000,0x00000000d5800000,0x00000000d5880000)
 ParOldGen       total 566784K, used 566317K [0x0000000080000000, 0x00000000a2980000, 0x00000000d5580000)
  object space 566784K, 99% used [0x0000000080000000,0x00000000a290b690,0x00000000a2980000)
 Metaspace       used 86551K, committed 88192K, reserved 1179648K
  class space    used 10529K, committed 11264K, reserved 1048576K
}
Event: 460.227 GC heap before
{Heap before GC invocations=589 (full 3):
 PSYoungGen      total 2048K, used 1856K [0x00000000d5580000, 0x00000000d5880000, 0x0000000100000000)
  eden space 1536K, 100% used [0x00000000d5580000,0x00000000d5700000,0x00000000d5700000)
  from space 512K, 62% used [0x00000000d5780000,0x00000000d57d0000,0x00000000d5800000)
  to   space 512K, 0% used [0x00000000d5800000,0x00000000d5800000,0x00000000d5880000)
 ParOldGen       total 566784K, used 566317K [0x0000000080000000, 0x00000000a2980000, 0x00000000d5580000)
  object space 566784K, 99% used [0x0000000080000000,0x00000000a290b690,0x00000000a2980000)
 Metaspace       used 86642K, committed 88384K, reserved 1179648K
  class space    used 10538K, committed 11328K, reserved 1048576K
}
Event: 460.229 GC heap after
{Heap after GC invocations=589 (full 3):
 PSYoungGen      total 2048K, used 481K [0x00000000d5580000, 0x00000000d5900000, 0x0000000100000000)
  eden space 1536K, 0% used [0x00000000d5580000,0x00000000d5580000,0x00000000d5700000)
  from space 512K, 94% used [0x00000000d5800000,0x00000000d58786b0,0x00000000d5880000)
  to   space 1024K, 0% used [0x00000000d5700000,0x00000000d5700000,0x00000000d5800000)
 ParOldGen       total 566784K, used 566469K [0x0000000080000000, 0x00000000a2980000, 0x00000000d5580000)
  object space 566784K, 99% used [0x0000000080000000,0x00000000a2931690,0x00000000a2980000)
 Metaspace       used 86642K, committed 88384K, reserved 1179648K
  class space    used 10538K, committed 11328K, reserved 1048576K
}
Event: 499.584 GC heap before
{Heap before GC invocations=590 (full 3):
 PSYoungGen      total 2048K, used 2017K [0x00000000d5580000, 0x00000000d5900000, 0x0000000100000000)
  eden space 1536K, 99% used [0x00000000d5580000,0x00000000d56ffe60,0x00000000d5700000)
  from space 512K, 94% used [0x00000000d5800000,0x00000000d58786b0,0x00000000d5880000)
  to   space 1024K, 0% used [0x00000000d5700000,0x00000000d5700000,0x00000000d5800000)
 ParOldGen       total 566784K, used 566469K [0x0000000080000000, 0x00000000a2980000, 0x00000000d5580000)
  object space 566784K, 99% used [0x0000000080000000,0x00000000a2931690,0x00000000a2980000)
 Metaspace       used 86747K, committed 88448K, reserved 1179648K
  class space    used 10560K, committed 11328K, reserved 1048576K
}
Event: 499.787 GC heap after
{Heap after GC invocations=590 (full 3):
 PSYoungGen      total 2560K, used 512K [0x00000000d5580000, 0x00000000d5900000, 0x0000000100000000)
  eden space 1536K, 0% used [0x00000000d5580000,0x00000000d5580000,0x00000000d5700000)
  from space 1024K, 50% used [0x00000000d5700000,0x00000000d5780000,0x00000000d5800000)
  to   space 1024K, 0% used [0x00000000d5800000,0x00000000d5800000,0x00000000d5900000)
 ParOldGen       total 566784K, used 566565K [0x0000000080000000, 0x00000000a2980000, 0x00000000d5580000)
  object space 566784K, 99% used [0x0000000080000000,0x00000000a29496a0,0x00000000a2980000)
 Metaspace       used 86747K, committed 88448K, reserved 1179648K
  class space    used 10560K, committed 11328K, reserved 1048576K
}
Event: 832.859 GC heap before
{Heap before GC invocations=591 (full 3):
 PSYoungGen      total 2560K, used 2031K [0x00000000d5580000, 0x00000000d5900000, 0x0000000100000000)
  eden space 1536K, 98% used [0x00000000d5580000,0x00000000d56fbcb8,0x00000000d5700000)
  from space 1024K, 50% used [0x00000000d5700000,0x00000000d5780000,0x00000000d5800000)
  to   space 1024K, 0% used [0x00000000d5800000,0x00000000d5800000,0x00000000d5900000)
 ParOldGen       total 566784K, used 566565K [0x0000000080000000, 0x00000000a2980000, 0x00000000d5580000)
  object space 566784K, 99% used [0x0000000080000000,0x00000000a29496a0,0x00000000a2980000)
 Metaspace       used 86782K, committed 88448K, reserved 1179648K
  class space    used 10564K, committed 11328K, reserved 1048576K
}
Event: 833.267 GC heap after
{Heap after GC invocations=591 (full 3):
 PSYoungGen      total 2560K, used 509K [0x00000000d5580000, 0x00000000d5900000, 0x0000000100000000)
  eden space 1536K, 0% used [0x00000000d5580000,0x00000000d5580000,0x00000000d5700000)
  from space 1024K, 49% used [0x00000000d5800000,0x00000000d587f520,0x00000000d5900000)
  to   space 1024K, 0% used [0x00000000d5700000,0x00000000d5700000,0x00000000d5800000)
 ParOldGen       total 567296K, used 566885K [0x0000000080000000, 0x00000000a2a00000, 0x00000000d5580000)
  object space 567296K, 99% used [0x0000000080000000,0x00000000a29996a0,0x00000000a2a00000)
 Metaspace       used 86782K, committed 88448K, reserved 1179648K
  class space    used 10564K, committed 11328K, reserved 1048576K
}
Event: 833.978 GC heap before
{Heap before GC invocations=592 (full 3):
 PSYoungGen      total 2560K, used 2045K [0x00000000d5580000, 0x00000000d5900000, 0x0000000100000000)
  eden space 1536K, 99% used [0x00000000d5580000,0x00000000d56fffb0,0x00000000d5700000)
  from space 1024K, 49% used [0x00000000d5800000,0x00000000d587f520,0x00000000d5900000)
  to   space 1024K, 0% used [0x00000000d5700000,0x00000000d5700000,0x00000000d5800000)
 ParOldGen       total 567296K, used 566885K [0x0000000080000000, 0x00000000a2a00000, 0x00000000d5580000)
  object space 567296K, 99% used [0x0000000080000000,0x00000000a29996a0,0x00000000a2a00000)
 Metaspace       used 86879K, committed 88576K, reserved 1179648K
  class space    used 10578K, committed 11328K, reserved 1048576K
}
Event: 833.982 GC heap after
{Heap after GC invocations=592 (full 3):
 PSYoungGen      total 2560K, used 352K [0x00000000d5580000, 0x00000000d5880000, 0x0000000100000000)
  eden space 1536K, 0% used [0x00000000d5580000,0x00000000d5580000,0x00000000d5700000)
  from space 1024K, 34% used [0x00000000d5700000,0x00000000d5758020,0x00000000d5800000)
  to   space 512K, 0% used [0x00000000d5800000,0x00000000d5800000,0x00000000d5880000)
 ParOldGen       total 567296K, used 566956K [0x0000000080000000, 0x00000000a2a00000, 0x00000000d5580000)
  object space 567296K, 99% used [0x0000000080000000,0x00000000a29ab0e0,0x00000000a2a00000)
 Metaspace       used 86879K, committed 88576K, reserved 1179648K
  class space    used 10578K, committed 11328K, reserved 1048576K
}
Event: 885.878 GC heap before
{Heap before GC invocations=593 (full 3):
 PSYoungGen      total 2560K, used 1888K [0x00000000d5580000, 0x00000000d5880000, 0x0000000100000000)
  eden space 1536K, 100% used [0x00000000d5580000,0x00000000d5700000,0x00000000d5700000)
  from space 1024K, 34% used [0x00000000d5700000,0x00000000d5758020,0x00000000d5800000)
  to   space 512K, 0% used [0x00000000d5800000,0x00000000d5800000,0x00000000d5880000)
 ParOldGen       total 567296K, used 566956K [0x0000000080000000, 0x00000000a2a00000, 0x00000000d5580000)
  object space 567296K, 99% used [0x0000000080000000,0x00000000a29ab0e0,0x00000000a2a00000)
 Metaspace       used 87012K, committed 88704K, reserved 1179648K
  class space    used 10615K, committed 11392K, reserved 1048576K
}
Event: 886.064 GC heap after
{Heap after GC invocations=593 (full 3):
 PSYoungGen      total 2048K, used 288K [0x00000000d5580000, 0x00000000d5880000, 0x0000000100000000)
  eden space 1536K, 0% used [0x00000000d5580000,0x00000000d5580000,0x00000000d5700000)
  from space 512K, 56% used [0x00000000d5800000,0x00000000d5848000,0x00000000d5880000)
  to   space 512K, 0% used [0x00000000d5780000,0x00000000d5780000,0x00000000d5800000)
 ParOldGen       total 567296K, used 567092K [0x0000000080000000, 0x00000000a2a00000, 0x00000000d5580000)
  object space 567296K, 99% used [0x0000000080000000,0x00000000a29cd100,0x00000000a2a00000)
 Metaspace       used 87012K, committed 88704K, reserved 1179648K
  class space    used 10615K, committed 11392K, reserved 1048576K
}
Event: 886.866 GC heap before
{Heap before GC invocations=594 (full 3):
 PSYoungGen      total 2048K, used 1823K [0x00000000d5580000, 0x00000000d5880000, 0x0000000100000000)
  eden space 1536K, 99% used [0x00000000d5580000,0x00000000d56fff70,0x00000000d5700000)
  from space 512K, 56% used [0x00000000d5800000,0x00000000d5848000,0x00000000d5880000)
  to   space 512K, 0% used [0x00000000d5780000,0x00000000d5780000,0x00000000d5800000)
 ParOldGen       total 567296K, used 567092K [0x0000000080000000, 0x00000000a2a00000, 0x00000000d5580000)
  object space 567296K, 99% used [0x0000000080000000,0x00000000a29cd100,0x00000000a2a00000)
 Metaspace       used 87213K, committed 88896K, reserved 1179648K
  class space    used 10642K, committed 11392K, reserved 1048576K
}
Event: 886.875 GC heap after
{Heap after GC invocations=594 (full 3):
 PSYoungGen      total 2048K, used 320K [0x00000000d5580000, 0x00000000d5880000, 0x0000000100000000)
  eden space 1536K, 0% used [0x00000000d5580000,0x00000000d5580000,0x00000000d5700000)
  from space 512K, 62% used [0x00000000d5780000,0x00000000d57d0000,0x00000000d5800000)
  to   space 512K, 0% used [0x00000000d5800000,0x00000000d5800000,0x00000000d5880000)
 ParOldGen       total 567296K, used 567204K [0x0000000080000000, 0x00000000a2a00000, 0x00000000d5580000)
  object space 567296K, 99% used [0x0000000080000000,0x00000000a29e92b0,0x00000000a2a00000)
 Metaspace       used 87213K, committed 88896K, reserved 1179648K
  class space    used 10642K, committed 11392K, reserved 1048576K
}

