# JRE version: Java(TM) SE Runtime Environment (21.0.9+7) (build 21.0.9+7-LTS-338)
# Java VM: Java HotSpot(TM) 64-Bit Server VM (21.0.9+7-LTS-338, mixed mode, sharing, tiered, compressed oops, compressed class ptrs, g1 gc, windows-amd64)
GC Precious Log:
 CardTable entry size: 512
 Card Set container configuration: InlinePtr #cards 5 size 8 Array Of Cards #cards 12 size 40 Howl #buckets 4 coarsen threshold 1843 Howl Bitmap #cards 512 size 80 coarsen threshold 460 Card regions per heap region 1 cards per card region 2048
 CPUs: 12 total, 12 available
 Memory: 7885M
 Large Page Support: Disabled
 NUMA Support: Disabled
 Compressed Oops: Enabled (32-bit)
 Heap Region Size: 1M
 Heap Min Capacity: 256M
 Heap Initial Capacity: 256M
 Heap Max Capacity: 512M
 Pre-touch: Disabled
 Parallel Workers: 10
 Concurrent Workers: 3
 Concurrent Refinement Workers: 10
 Periodic GC: Disabled
Heap:
 garbage-first heap   total 262144K, used 107022K [0x00000000e0000000, 0x0000000100000000)
  region size 1024K, 84 young (86016K), 19 survivors (19456K)
 Metaspace       used 57855K, committed 60032K, reserved 393216K
  class space    used 8573K, committed 9664K, reserved 327680K
GC Heap History (16 events):
Event: 0.541 GC heap before
{Heap before GC invocations=0 (full 0):
 garbage-first heap   total 262144K, used 22528K [0x00000000e0000000, 0x0000000100000000)
  region size 1024K, 23 young (23552K), 0 survivors (0K)
 Metaspace       used 1023K, committed 1152K, reserved 393216K
  class space    used 77K, committed 128K, reserved 327680K
}
Event: 0.545 GC heap after
{Heap after GC invocations=1 (full 0):
 garbage-first heap   total 262144K, used 1831K [0x00000000e0000000, 0x0000000100000000)
  region size 1024K, 2 young (2048K), 2 survivors (2048K)
 Metaspace       used 1023K, committed 1152K, reserved 393216K
  class space    used 77K, committed 128K, reserved 327680K
}
Event: 1.412 GC heap before
{Heap before GC invocations=1 (full 0):
 garbage-first heap   total 262144K, used 40743K [0x00000000e0000000, 0x0000000100000000)
  region size 1024K, 38 young (38912K), 2 survivors (2048K)
 Metaspace       used 4534K, committed 4736K, reserved 393216K
  class space    used 563K, committed 640K, reserved 327680K
}
Event: 1.417 GC heap after
{Heap after GC invocations=2 (full 0):
 garbage-first heap   total 262144K, used 10446K [0x00000000e0000000, 0x0000000100000000)
  region size 1024K, 5 young (5120K), 5 survivors (5120K)
 Metaspace       used 4534K, committed 4736K, reserved 393216K
  class space    used 563K, committed 640K, reserved 327680K
}
Event: 2.084 GC heap before
{Heap before GC invocations=2 (full 0):
 garbage-first heap   total 262144K, used 61646K [0x00000000e0000000, 0x0000000100000000)
  region size 1024K, 54 young (55296K), 5 survivors (5120K)
 Metaspace       used 5858K, committed 6144K, reserved 393216K
  class space    used 766K, committed 896K, reserved 327680K
}
Event: 2.091 GC heap after
{Heap after GC invocations=3 (full 0):
 garbage-first heap   total 262144K, used 16966K [0x00000000e0000000, 0x0000000100000000)
  region size 1024K, 6 young (6144K), 6 survivors (6144K)
 Metaspace       used 5858K, committed 6144K, reserved 393216K
  class space    used 766K, committed 896K, reserved 327680K
}
Event: 4.423 GC heap before
{Heap before GC invocations=3 (full 0):
 garbage-first heap   total 262144K, used 98886K [0x00000000e0000000, 0x0000000100000000)
  region size 1024K, 86 young (88064K), 6 survivors (6144K)
 Metaspace       used 20910K, committed 21504K, reserved 393216K
  class space    used 2826K, committed 3136K, reserved 327680K
}
Event: 4.433 GC heap after
{Heap after GC invocations=4 (full 0):
 garbage-first heap   total 262144K, used 22778K [0x00000000e0000000, 0x0000000100000000)
  region size 1024K, 11 young (11264K), 11 survivors (11264K)
 Metaspace       used 20910K, committed 21504K, reserved 393216K
  class space    used 2826K, committed 3136K, reserved 327680K
}
Event: 7.219 GC heap before
{Heap before GC invocations=5 (full 0):
 garbage-first heap   total 262144K, used 134394K [0x00000000e0000000, 0x0000000100000000)
  region size 1024K, 122 young (124928K), 11 survivors (11264K)
 Metaspace       used 34535K, committed 35968K, reserved 393216K
  class space    used 4954K, committed 5632K, reserved 327680K
}
Event: 7.230 GC heap after
{Heap after GC invocations=6 (full 0):
 garbage-first heap   total 262144K, used 30466K [0x00000000e0000000, 0x0000000100000000)
  region size 1024K, 14 young (14336K), 14 survivors (14336K)
 Metaspace       used 34535K, committed 35968K, reserved 393216K
  class space    used 4954K, committed 5632K, reserved 327680K
}
Event: 7.314 GC heap before
{Heap before GC invocations=6 (full 0):
 garbage-first heap   total 262144K, used 32514K [0x00000000e0000000, 0x0000000100000000)
  region size 1024K, 17 young (17408K), 14 survivors (14336K)
 Metaspace       used 34855K, committed 36288K, reserved 393216K
  class space    used 5021K, committed 5760K, reserved 327680K
}
Event: 7.322 GC heap after
{Heap after GC invocations=7 (full 0):
 garbage-first heap   total 262144K, used 30790K [0x00000000e0000000, 0x0000000100000000)
  region size 1024K, 9 young (9216K), 9 survivors (9216K)
 Metaspace       used 34855K, committed 36288K, reserved 393216K
  class space    used 5021K, committed 5760K, reserved 327680K
}
Event: 7.434 GC heap before
{Heap before GC invocations=7 (full 0):
 garbage-first heap   total 262144K, used 32838K [0x00000000e0000000, 0x0000000100000000)
  region size 1024K, 12 young (12288K), 9 survivors (9216K)
 Metaspace       used 35217K, committed 36608K, reserved 393216K
  class space    used 5075K, committed 5760K, reserved 327680K
}
Event: 7.439 GC heap after
{Heap after GC invocations=8 (full 0):
 garbage-first heap   total 262144K, used 30518K [0x00000000e0000000, 0x0000000100000000)
  region size 1024K, 9 young (9216K), 9 survivors (9216K)
 Metaspace       used 35217K, committed 36608K, reserved 393216K
  class space    used 5075K, committed 5760K, reserved 327680K
}
Event: 11.633 GC heap before
{Heap before GC invocations=9 (full 0):
 garbage-first heap   total 262144K, used 176950K [0x00000000e0000000, 0x0000000100000000)
  region size 1024K, 153 young (156672K), 9 survivors (9216K)
 Metaspace       used 51774K, committed 53888K, reserved 393216K
  class space    used 7536K, committed 8576K, reserved 327680K
}
Event: 11.648 GC heap after
{Heap after GC invocations=10 (full 0):
 garbage-first heap   total 262144K, used 41486K [0x00000000e0000000, 0x0000000100000000)
  region size 1024K, 19 young (19456K), 19 survivors (19456K)
 Metaspace       used 51774K, committed 53888K, reserved 393216K
  class space    used 7536K, committed 8576K, reserved 327680K
}

