# JRE version: Java(TM) SE Runtime Environment (21.0.9+7) (build 21.0.9+7-LTS-338)
# Java VM: Java HotSpot(TM) 64-Bit Server VM (21.0.9+7-LTS-338, mixed mode, tiered, compressed oops, compressed class ptrs, g1 gc, windows-amd64)
GC Precious Log:
 CardTable entry size: 512
 Card Set container configuration: InlinePtr #cards 5 size 8 Array Of Cards #cards 12 size 40 Howl #buckets 4 coarsen threshold 1843 Howl Bitmap #cards 512 size 80 coarsen threshold 460 Card regions per heap region 1 cards per card region 2048
 CPUs: 12 total, 12 available
 Memory: 7885M
 Large Page Support: Disabled
 NUMA Support: Disabled
 Compressed Oops: Enabled (32-bit)
 Heap Region Size: 1M
 Heap Min Capacity: 256M
 Heap Initial Capacity: 256M
 Heap Max Capacity: 512M
 Pre-touch: Disabled
 Parallel Workers: 10
 Concurrent Workers: 3
 Concurrent Refinement Workers: 10
 Periodic GC: Disabled
Heap:
 garbage-first heap   total 262144K, used 109419K [0x00000000e0000000, 0x0000000100000000)
  region size 1024K, 75 young (76800K), 17 survivors (17408K)
 Metaspace       used 72564K, committed 75008K, reserved 393216K
  class space    used 10109K, committed 11328K, reserved 327680K
GC Heap History (16 events):
Event: 6.668 GC heap before
{Heap before GC invocations=0 (full 0):
 garbage-first heap   total 262144K, used 22528K [0x00000000e0000000, 0x0000000100000000)
  region size 1024K, 23 young (23552K), 0 survivors (0K)
 Metaspace       used 8125K, committed 8256K, reserved 393216K
  class space    used 669K, committed 704K, reserved 327680K
}
Event: 7.680 GC heap after
{Heap after GC invocations=1 (full 0):
 garbage-first heap   total 262144K, used 1877K [0x00000000e0000000, 0x0000000100000000)
  region size 1024K, 2 young (2048K), 2 survivors (2048K)
 Metaspace       used 8125K, committed 8256K, reserved 393216K
  class space    used 669K, committed 704K, reserved 327680K
}
Event: 10.126 GC heap before
{Heap before GC invocations=1 (full 0):
 garbage-first heap   total 262144K, used 39765K [0x00000000e0000000, 0x0000000100000000)
  region size 1024K, 37 young (37888K), 2 survivors (2048K)
 Metaspace       used 12428K, committed 12608K, reserved 393216K
  class space    used 1235K, committed 1280K, reserved 327680K
}
Event: 10.132 GC heap after
{Heap after GC invocations=2 (full 0):
 garbage-first heap   total 262144K, used 10334K [0x00000000e0000000, 0x0000000100000000)
  region size 1024K, 5 young (5120K), 5 survivors (5120K)
 Metaspace       used 12428K, committed 12608K, reserved 393216K
  class space    used 1235K, committed 1280K, reserved 327680K
}
Event: 12.834 GC heap before
{Heap before GC invocations=2 (full 0):
 garbage-first heap   total 262144K, used 60510K [0x00000000e0000000, 0x0000000100000000)
  region size 1024K, 53 young (54272K), 5 survivors (5120K)
 Metaspace       used 13471K, committed 13696K, reserved 393216K
  class space    used 1404K, committed 1536K, reserved 327680K
}
Event: 12.842 GC heap after
{Heap after GC invocations=3 (full 0):
 garbage-first heap   total 262144K, used 16635K [0x00000000e0000000, 0x0000000100000000)
  region size 1024K, 6 young (6144K), 6 survivors (6144K)
 Metaspace       used 13471K, committed 13696K, reserved 393216K
  class space    used 1404K, committed 1536K, reserved 327680K
}
Event: 15.174 GC heap before
{Heap before GC invocations=3 (full 0):
 garbage-first heap   total 262144K, used 44283K [0x00000000e0000000, 0x0000000100000000)
  region size 1024K, 34 young (34816K), 6 survivors (6144K)
 Metaspace       used 21185K, committed 21504K, reserved 393216K
  class space    used 2331K, committed 2496K, reserved 327680K
}
Event: 15.181 GC heap after
{Heap after GC invocations=4 (full 0):
 garbage-first heap   total 262144K, used 19479K [0x00000000e0000000, 0x0000000100000000)
  region size 1024K, 8 young (8192K), 8 survivors (8192K)
 Metaspace       used 21185K, committed 21504K, reserved 393216K
  class space    used 2331K, committed 2496K, reserved 327680K
}
Event: 17.720 GC heap before
{Heap before GC invocations=5 (full 0):
 garbage-first heap   total 262144K, used 114711K [0x00000000e0000000, 0x0000000100000000)
  region size 1024K, 101 young (103424K), 8 survivors (8192K)
 Metaspace       used 35062K, committed 35968K, reserved 393216K
  class space    used 4394K, committed 4864K, reserved 327680K
}
Event: 17.731 GC heap after
{Heap after GC invocations=6 (full 0):
 garbage-first heap   total 262144K, used 24837K [0x00000000e0000000, 0x0000000100000000)
  region size 1024K, 14 young (14336K), 14 survivors (14336K)
 Metaspace       used 35062K, committed 35968K, reserved 393216K
  class space    used 4394K, committed 4864K, reserved 327680K
}
Event: 21.553 GC heap before
{Heap before GC invocations=7 (full 0):
 garbage-first heap   total 262144K, used 166149K [0x00000000e0000000, 0x0000000100000000)
  region size 1024K, 153 young (156672K), 14 survivors (14336K)
 Metaspace       used 53475K, committed 55232K, reserved 393216K
  class space    used 7115K, committed 8000K, reserved 327680K
}
Event: 21.567 GC heap after
{Heap after GC invocations=8 (full 0):
 garbage-first heap   total 262144K, used 33978K [0x00000000e0000000, 0x0000000100000000)
  region size 1024K, 18 young (18432K), 18 survivors (18432K)
 Metaspace       used 53475K, committed 55232K, reserved 393216K
  class space    used 7115K, committed 8000K, reserved 327680K
}
Event: 22.824 GC heap before
{Heap before GC invocations=8 (full 0):
 garbage-first heap   total 262144K, used 78010K [0x00000000e0000000, 0x0000000100000000)
  region size 1024K, 62 young (63488K), 18 survivors (18432K)
 Metaspace       used 58275K, committed 60096K, reserved 393216K
  class space    used 7887K, committed 8768K, reserved 327680K
}
Event: 22.836 GC heap after
{Heap after GC invocations=9 (full 0):
 garbage-first heap   total 262144K, used 37589K [0x00000000e0000000, 0x0000000100000000)
  region size 1024K, 13 young (13312K), 13 survivors (13312K)
 Metaspace       used 58275K, committed 60096K, reserved 393216K
  class space    used 7887K, committed 8768K, reserved 327680K
}
Event: 29.102 GC heap before
{Heap before GC invocations=10 (full 0):
 garbage-first heap   total 262144K, used 179925K [0x00000000e0000000, 0x0000000100000000)
  region size 1024K, 153 young (156672K), 13 survivors (13312K)
 Metaspace       used 69629K, committed 71936K, reserved 393216K
  class space    used 9701K, committed 10880K, reserved 327680K
}
Event: 29.153 GC heap after
{Heap after GC invocations=11 (full 0):
 garbage-first heap   total 262144K, used 51051K [0x00000000e0000000, 0x0000000100000000)
  region size 1024K, 17 young (17408K), 17 survivors (17408K)
 Metaspace       used 69629K, committed 71936K, reserved 393216K
  class space    used 9701K, committed 10880K, reserved 327680K
}

