# JRE version: OpenJDK Runtime Environment Temurin-21.0.9+10 (21.0.9+10) (build 21.0.9+10-LTS)
# Java VM: OpenJDK 64-Bit Server VM Temurin-21.0.9+10 (21.0.9+10-LTS, mixed mode, sharing, tiered, compressed oops, compressed class ptrs, parallel gc, windows-amd64)
GC Precious Log:
 CardTable entry size: 512
 CPUs: 12 total, 12 available
 Memory: 7885M
 Large Page Support: Disabled
 NUMA Support: Disabled
 Compressed Oops: Enabled (32-bit)
 Alignments: Space 512K, Generation 512K, Heap 2M
 Heap Min Capacity: 100M
 Heap Initial Capacity: 100M
 Heap Max Capacity: 2G
 Pre-touch: Disabled
 Parallel Workers: 10
Heap:
 PSYoungGen      total 10240K, used 2663K [0x00000000d5580000, 0x00000000d6100000, 0x0000000100000000)
  eden space 9216K, 20% used [0x00000000d5580000,0x00000000d574de38,0x00000000d5e80000)
  from space 1024K, 79% used [0x00000000d5f00000,0x00000000d5fcc050,0x00000000d6000000)
  to   space 1024K, 0% used [0x00000000d6000000,0x00000000d6000000,0x00000000d6100000)
 ParOldGen       total 68608K, used 66969K [0x0000000080000000, 0x0000000084300000, 0x00000000d5580000)
  object space 68608K, 97% used [0x0000000080000000,0x00000000841666a0,0x0000000084300000)
 Metaspace       used 80798K, committed 82432K, reserved 1179648K
  class space    used 9954K, committed 10688K, reserved 1048576K
GC Heap History (20 events):
Event: 21.089 GC heap before
{Heap before GC invocations=68 (full 3):
 PSYoungGen      total 14336K, used 13872K [0x00000000d5580000, 0x00000000d6480000, 0x0000000100000000)
  eden space 13312K, 100% used [0x00000000d5580000,0x00000000d6280000,0x00000000d6280000)
  from space 1024K, 54% used [0x00000000d6380000,0x00000000d640c010,0x00000000d6480000)
  to   space 1024K, 0% used [0x00000000d6280000,0x00000000d6280000,0x00000000d6380000)
 ParOldGen       total 68608K, used 57991K [0x0000000080000000, 0x0000000084300000, 0x00000000d5580000)
  object space 68608K, 84% used [0x0000000080000000,0x00000000838a1ee8,0x0000000084300000)
 Metaspace       used 71215K, committed 72704K, reserved 1114112K
  class space    used 8897K, committed 9536K, reserved 1048576K
}
Event: 21.092 GC heap after
{Heap after GC invocations=68 (full 3):
 PSYoungGen      total 14336K, used 384K [0x00000000d5580000, 0x00000000d6400000, 0x0000000100000000)
  eden space 13312K, 0% used [0x00000000d5580000,0x00000000d5580000,0x00000000d6280000)
  from space 1024K, 37% used [0x00000000d6280000,0x00000000d62e0010,0x00000000d6380000)
  to   space 512K, 0% used [0x00000000d6380000,0x00000000d6380000,0x00000000d6400000)
 ParOldGen       total 68608K, used 58359K [0x0000000080000000, 0x0000000084300000, 0x00000000d5580000)
  object space 68608K, 85% used [0x0000000080000000,0x00000000838fdf08,0x0000000084300000)
 Metaspace       used 71215K, committed 72704K, reserved 1114112K
  class space    used 8897K, committed 9536K, reserved 1048576K
}
Event: 21.330 GC heap before
{Heap before GC invocations=69 (full 3):
 PSYoungGen      total 14336K, used 13696K [0x00000000d5580000, 0x00000000d6400000, 0x0000000100000000)
  eden space 13312K, 99% used [0x00000000d5580000,0x00000000d627fff8,0x00000000d6280000)
  from space 1024K, 37% used [0x00000000d6280000,0x00000000d62e0010,0x00000000d6380000)
  to   space 512K, 0% used [0x00000000d6380000,0x00000000d6380000,0x00000000d6400000)
 ParOldGen       total 68608K, used 58359K [0x0000000080000000, 0x0000000084300000, 0x00000000d5580000)
  object space 68608K, 85% used [0x0000000080000000,0x00000000838fdf08,0x0000000084300000)
 Metaspace       used 72383K, committed 73920K, reserved 1114112K
  class space    used 9018K, committed 9664K, reserved 1048576K
}
Event: 21.332 GC heap after
{Heap after GC invocations=69 (full 3):
 PSYoungGen      total 9728K, used 512K [0x00000000d5580000, 0x00000000d6c80000, 0x0000000100000000)
  eden space 9216K, 0% used [0x00000000d5580000,0x00000000d5580000,0x00000000d5e80000)
  from space 512K, 100% used [0x00000000d6380000,0x00000000d6400000,0x00000000d6400000)
  to   space 5120K, 0% used [0x00000000d5e80000,0x00000000d5e80000,0x00000000d6380000)
 ParOldGen       total 68608K, used 62031K [0x0000000080000000, 0x0000000084300000, 0x00000000d5580000)
  object space 68608K, 90% used [0x0000000080000000,0x0000000083c93f20,0x0000000084300000)
 Metaspace       used 72383K, committed 73920K, reserved 1114112K
  class space    used 9018K, committed 9664K, reserved 1048576K
}
Event: 21.451 GC heap before
{Heap before GC invocations=70 (full 3):
 PSYoungGen      total 9728K, used 9728K [0x00000000d5580000, 0x00000000d6c80000, 0x0000000100000000)
  eden space 9216K, 100% used [0x00000000d5580000,0x00000000d5e80000,0x00000000d5e80000)
  from space 512K, 100% used [0x00000000d6380000,0x00000000d6400000,0x00000000d6400000)
  to   space 5120K, 0% used [0x00000000d5e80000,0x00000000d5e80000,0x00000000d6380000)
 ParOldGen       total 68608K, used 62031K [0x0000000080000000, 0x0000000084300000, 0x00000000d5580000)
  object space 68608K, 90% used [0x0000000080000000,0x0000000083c93f20,0x0000000084300000)
 Metaspace       used 73678K, committed 75200K, reserved 1114112K
  class space    used 9160K, committed 9856K, reserved 1048576K
}
Event: 21.453 GC heap after
{Heap after GC invocations=70 (full 3):
 PSYoungGen      total 10752K, used 1280K [0x00000000d5580000, 0x00000000d6400000, 0x0000000100000000)
  eden space 9216K, 0% used [0x00000000d5580000,0x00000000d5580000,0x00000000d5e80000)
  from space 1536K, 83% used [0x00000000d5e80000,0x00000000d5fc0000,0x00000000d6000000)
  to   space 2560K, 0% used [0x00000000d6180000,0x00000000d6180000,0x00000000d6400000)
 ParOldGen       total 68608K, used 62535K [0x0000000080000000, 0x0000000084300000, 0x00000000d5580000)
  object space 68608K, 91% used [0x0000000080000000,0x0000000083d11f30,0x0000000084300000)
 Metaspace       used 73678K, committed 75200K, reserved 1114112K
  class space    used 9160K, committed 9856K, reserved 1048576K
}
Event: 21.615 GC heap before
{Heap before GC invocations=71 (full 3):
 PSYoungGen      total 10752K, used 10496K [0x00000000d5580000, 0x00000000d6400000, 0x0000000100000000)
  eden space 9216K, 100% used [0x00000000d5580000,0x00000000d5e80000,0x00000000d5e80000)
  from space 1536K, 83% used [0x00000000d5e80000,0x00000000d5fc0000,0x00000000d6000000)
  to   space 2560K, 0% used [0x00000000d6180000,0x00000000d6180000,0x00000000d6400000)
 ParOldGen       total 68608K, used 62535K [0x0000000080000000, 0x0000000084300000, 0x00000000d5580000)
  object space 68608K, 91% used [0x0000000080000000,0x0000000083d11f30,0x0000000084300000)
 Metaspace       used 74521K, committed 75968K, reserved 1179648K
  class space    used 9289K, committed 9920K, reserved 1048576K
}
Event: 21.616 GC heap after
{Heap after GC invocations=71 (full 3):
 PSYoungGen      total 10240K, used 553K [0x00000000d5580000, 0x00000000d6280000, 0x0000000100000000)
  eden space 9216K, 0% used [0x00000000d5580000,0x00000000d5580000,0x00000000d5e80000)
  from space 1024K, 54% used [0x00000000d6180000,0x00000000d620a460,0x00000000d6280000)
  to   space 1024K, 0% used [0x00000000d6080000,0x00000000d6080000,0x00000000d6180000)
 ParOldGen       total 68608K, used 63679K [0x0000000080000000, 0x0000000084300000, 0x00000000d5580000)
  object space 68608K, 92% used [0x0000000080000000,0x0000000083e2ff30,0x0000000084300000)
 Metaspace       used 74521K, committed 75968K, reserved 1179648K
  class space    used 9289K, committed 9920K, reserved 1048576K
}
Event: 21.875 GC heap before
{Heap before GC invocations=72 (full 3):
 PSYoungGen      total 10240K, used 9757K [0x00000000d5580000, 0x00000000d6280000, 0x0000000100000000)
  eden space 9216K, 99% used [0x00000000d5580000,0x00000000d5e7d338,0x00000000d5e80000)
  from space 1024K, 54% used [0x00000000d6180000,0x00000000d620a460,0x00000000d6280000)
  to   space 1024K, 0% used [0x00000000d6080000,0x00000000d6080000,0x00000000d6180000)
 ParOldGen       total 68608K, used 63679K [0x0000000080000000, 0x0000000084300000, 0x00000000d5580000)
  object space 68608K, 92% used [0x0000000080000000,0x0000000083e2ff30,0x0000000084300000)
 Metaspace       used 75509K, committed 76992K, reserved 1179648K
  class space    used 9401K, committed 10048K, reserved 1048576K
}
Event: 21.877 GC heap after
{Heap after GC invocations=72 (full 3):
 PSYoungGen      total 10240K, used 544K [0x00000000d5580000, 0x00000000d6200000, 0x0000000100000000)
  eden space 9216K, 0% used [0x00000000d5580000,0x00000000d5580000,0x00000000d5e80000)
  from space 1024K, 53% used [0x00000000d6080000,0x00000000d6108000,0x00000000d6180000)
  to   space 512K, 0% used [0x00000000d6180000,0x00000000d6180000,0x00000000d6200000)
 ParOldGen       total 68608K, used 64070K [0x0000000080000000, 0x0000000084300000, 0x00000000d5580000)
  object space 68608K, 93% used [0x0000000080000000,0x0000000083e91a98,0x0000000084300000)
 Metaspace       used 75509K, committed 76992K, reserved 1179648K
  class space    used 9401K, committed 10048K, reserved 1048576K
}
Event: 33.043 GC heap before
{Heap before GC invocations=73 (full 3):
 PSYoungGen      total 10240K, used 9760K [0x00000000d5580000, 0x00000000d6200000, 0x0000000100000000)
  eden space 9216K, 100% used [0x00000000d5580000,0x00000000d5e80000,0x00000000d5e80000)
  from space 1024K, 53% used [0x00000000d6080000,0x00000000d6108000,0x00000000d6180000)
  to   space 512K, 0% used [0x00000000d6180000,0x00000000d6180000,0x00000000d6200000)
 ParOldGen       total 68608K, used 64070K [0x0000000080000000, 0x0000000084300000, 0x00000000d5580000)
  object space 68608K, 93% used [0x0000000080000000,0x0000000083e91a98,0x0000000084300000)
 Metaspace       used 76505K, committed 78016K, reserved 1179648K
  class space    used 9531K, committed 10176K, reserved 1048576K
}
Event: 33.061 GC heap after
{Heap after GC invocations=73 (full 3):
 PSYoungGen      total 9728K, used 496K [0x00000000d5580000, 0x00000000d6280000, 0x0000000100000000)
  eden space 9216K, 0% used [0x00000000d5580000,0x00000000d5580000,0x00000000d5e80000)
  from space 512K, 96% used [0x00000000d6180000,0x00000000d61fc030,0x00000000d6200000)
  to   space 2048K, 0% used [0x00000000d5e80000,0x00000000d5e80000,0x00000000d6080000)
 ParOldGen       total 68608K, used 65114K [0x0000000080000000, 0x0000000084300000, 0x00000000d5580000)
  object space 68608K, 94% used [0x0000000080000000,0x0000000083f96ae8,0x0000000084300000)
 Metaspace       used 76505K, committed 78016K, reserved 1179648K
  class space    used 9531K, committed 10176K, reserved 1048576K
}
Event: 38.431 GC heap before
{Heap before GC invocations=74 (full 3):
 PSYoungGen      total 9728K, used 9712K [0x00000000d5580000, 0x00000000d6280000, 0x0000000100000000)
  eden space 9216K, 100% used [0x00000000d5580000,0x00000000d5e80000,0x00000000d5e80000)
  from space 512K, 96% used [0x00000000d6180000,0x00000000d61fc030,0x00000000d6200000)
  to   space 2048K, 0% used [0x00000000d5e80000,0x00000000d5e80000,0x00000000d6080000)
 ParOldGen       total 68608K, used 65114K [0x0000000080000000, 0x0000000084300000, 0x00000000d5580000)
  object space 68608K, 94% used [0x0000000080000000,0x0000000083f96ae8,0x0000000084300000)
 Metaspace       used 77252K, committed 78720K, reserved 1179648K
  class space    used 9596K, committed 10304K, reserved 1048576K
}
Event: 38.434 GC heap after
{Heap after GC invocations=74 (full 3):
 PSYoungGen      total 11264K, used 512K [0x00000000d5580000, 0x00000000d6200000, 0x0000000100000000)
  eden space 9216K, 0% used [0x00000000d5580000,0x00000000d5580000,0x00000000d5e80000)
  from space 2048K, 25% used [0x00000000d5e80000,0x00000000d5f00000,0x00000000d6080000)
  to   space 1024K, 0% used [0x00000000d6100000,0x00000000d6100000,0x00000000d6200000)
 ParOldGen       total 68608K, used 65538K [0x0000000080000000, 0x0000000084300000, 0x00000000d5580000)
  object space 68608K, 95% used [0x0000000080000000,0x0000000084000b38,0x0000000084300000)
 Metaspace       used 77252K, committed 78720K, reserved 1179648K
  class space    used 9596K, committed 10304K, reserved 1048576K
}
Event: 42.062 GC heap before
{Heap before GC invocations=75 (full 3):
 PSYoungGen      total 11264K, used 9728K [0x00000000d5580000, 0x00000000d6200000, 0x0000000100000000)
  eden space 9216K, 100% used [0x00000000d5580000,0x00000000d5e80000,0x00000000d5e80000)
  from space 2048K, 25% used [0x00000000d5e80000,0x00000000d5f00000,0x00000000d6080000)
  to   space 1024K, 0% used [0x00000000d6100000,0x00000000d6100000,0x00000000d6200000)
 ParOldGen       total 68608K, used 65538K [0x0000000080000000, 0x0000000084300000, 0x00000000d5580000)
  object space 68608K, 95% used [0x0000000080000000,0x0000000084000b38,0x0000000084300000)
 Metaspace       used 77882K, committed 79424K, reserved 1179648K
  class space    used 9672K, committed 10368K, reserved 1048576K
}
Event: 42.066 GC heap after
{Heap after GC invocations=75 (full 3):
 PSYoungGen      total 9728K, used 480K [0x00000000d5580000, 0x00000000d6180000, 0x0000000100000000)
  eden space 9216K, 0% used [0x00000000d5580000,0x00000000d5580000,0x00000000d5e80000)
  from space 512K, 93% used [0x00000000d6100000,0x00000000d6178020,0x00000000d6180000)
  to   space 1024K, 0% used [0x00000000d5f80000,0x00000000d5f80000,0x00000000d6080000)
 ParOldGen       total 68608K, used 65877K [0x0000000080000000, 0x0000000084300000, 0x00000000d5580000)
  object space 68608K, 96% used [0x0000000080000000,0x0000000084055408,0x0000000084300000)
 Metaspace       used 77882K, committed 79424K, reserved 1179648K
  class space    used 9672K, committed 10368K, reserved 1048576K
}
Event: 42.730 GC heap before
{Heap before GC invocations=76 (full 3):
 PSYoungGen      total 9728K, used 9696K [0x00000000d5580000, 0x00000000d6180000, 0x0000000100000000)
  eden space 9216K, 100% used [0x00000000d5580000,0x00000000d5e80000,0x00000000d5e80000)
  from space 512K, 93% used [0x00000000d6100000,0x00000000d6178020,0x00000000d6180000)
  to   space 1024K, 0% used [0x00000000d5f80000,0x00000000d5f80000,0x00000000d6080000)
 ParOldGen       total 68608K, used 65877K [0x0000000080000000, 0x0000000084300000, 0x00000000d5580000)
  object space 68608K, 96% used [0x0000000080000000,0x0000000084055408,0x0000000084300000)
 Metaspace       used 78755K, committed 80320K, reserved 1179648K
  class space    used 9780K, committed 10496K, reserved 1048576K
}
Event: 42.735 GC heap after
{Heap after GC invocations=76 (full 3):
 PSYoungGen      total 10240K, used 748K [0x00000000d5580000, 0x00000000d6180000, 0x0000000100000000)
  eden space 9216K, 0% used [0x00000000d5580000,0x00000000d5580000,0x00000000d5e80000)
  from space 1024K, 73% used [0x00000000d5f80000,0x00000000d603b170,0x00000000d6080000)
  to   space 1024K, 0% used [0x00000000d6080000,0x00000000d6080000,0x00000000d6180000)
 ParOldGen       total 68608K, used 66193K [0x0000000080000000, 0x0000000084300000, 0x00000000d5580000)
  object space 68608K, 96% used [0x0000000080000000,0x00000000840a4458,0x0000000084300000)
 Metaspace       used 78755K, committed 80320K, reserved 1179648K
  class space    used 9780K, committed 10496K, reserved 1048576K
}
Event: 44.883 GC heap before
{Heap before GC invocations=77 (full 3):
 PSYoungGen      total 10240K, used 9956K [0x00000000d5580000, 0x00000000d6180000, 0x0000000100000000)
  eden space 9216K, 99% used [0x00000000d5580000,0x00000000d5e7e000,0x00000000d5e80000)
  from space 1024K, 73% used [0x00000000d5f80000,0x00000000d603b170,0x00000000d6080000)
  to   space 1024K, 0% used [0x00000000d6080000,0x00000000d6080000,0x00000000d6180000)
 ParOldGen       total 68608K, used 66193K [0x0000000080000000, 0x0000000084300000, 0x00000000d5580000)
  object space 68608K, 96% used [0x0000000080000000,0x00000000840a4458,0x0000000084300000)
 Metaspace       used 79534K, committed 81088K, reserved 1179648K
  class space    used 9851K, committed 10560K, reserved 1048576K
}
Event: 44.888 GC heap after
{Heap after GC invocations=77 (full 3):
 PSYoungGen      total 9728K, used 450K [0x00000000d5580000, 0x00000000d6100000, 0x0000000100000000)
  eden space 9216K, 0% used [0x00000000d5580000,0x00000000d5580000,0x00000000d5e80000)
  from space 512K, 88% used [0x00000000d6080000,0x00000000d60f0a68,0x00000000d6100000)
  to   space 1024K, 0% used [0x00000000d5f00000,0x00000000d5f00000,0x00000000d6000000)
 ParOldGen       total 68608K, used 66750K [0x0000000080000000, 0x0000000084300000, 0x00000000d5580000)
  object space 68608K, 97% used [0x0000000080000000,0x000000008412fbe8,0x0000000084300000)
 Metaspace       used 79534K, committed 81088K, reserved 1179648K
  class space    used 9851K, committed 10560K, reserved 1048576K
}

