# JRE version: OpenJDK Runtime Environment Temurin-21.0.9+10 (21.0.9+10) (build 21.0.9+10-LTS)
# Java VM: OpenJDK 64-Bit Server VM Temurin-21.0.9+10 (21.0.9+10-LTS, mixed mode, sharing, tiered, compressed oops, compressed class ptrs, parallel gc, windows-amd64)
GC Precious Log:
 CardTable entry size: 512
 CPUs: 12 total, 12 available
 Memory: 7885M
 Large Page Support: Disabled
 NUMA Support: Disabled
 Compressed Oops: Enabled (32-bit)
 Alignments: Space 512K, Generation 512K, Heap 2M
 Heap Min Capacity: 100M
 Heap Initial Capacity: 100M
 Heap Max Capacity: 2G
 Pre-touch: Disabled
 Parallel Workers: 10
Heap:
 PSYoungGen      total 7168K, used 5947K [0x00000000d5580000, 0x00000000d5e00000, 0x0000000100000000)
  eden space 6144K, 83% used [0x00000000d5580000,0x00000000d5a86fe0,0x00000000d5b80000)
  from space 1024K, 78% used [0x00000000d5c00000,0x00000000d5cc8000,0x00000000d5d00000)
  to   space 1024K, 0% used [0x00000000d5d00000,0x00000000d5d00000,0x00000000d5e00000)
 ParOldGen       total 304128K, used 82368K [0x0000000080000000, 0x0000000092900000, 0x00000000d5580000)
  object space 304128K, 27% used [0x0000000080000000,0x00000000850703f8,0x0000000092900000)
 Metaspace       used 96648K, committed 98432K, reserved 1179648K
  class space    used 11565K, committed 12416K, reserved 1048576K
GC Heap History (20 events):
Event: 977.200 GC heap before
{Heap before GC invocations=338 (full 3):
 PSYoungGen      total 7680K, used 7657K [0x00000000d5580000, 0x00000000d6400000, 0x0000000100000000)
  eden space 6144K, 100% used [0x00000000d5580000,0x00000000d5b80000,0x00000000d5b80000)
  from space 1536K, 98% used [0x00000000d5f80000,0x00000000d60fa4d0,0x00000000d6100000)
  to   space 4096K, 0% used [0x00000000d5b80000,0x00000000d5b80000,0x00000000d5f80000)
 ParOldGen       total 299520K, used 299356K [0x0000000080000000, 0x0000000092480000, 0x00000000d5580000)
  object space 299520K, 99% used [0x0000000080000000,0x00000000924573b0,0x0000000092480000)
 Metaspace       used 96582K, committed 98368K, reserved 1179648K
  class space    used 11565K, committed 12416K, reserved 1048576K
}
Event: 977.204 GC heap after
{Heap after GC invocations=338 (full 3):
 PSYoungGen      total 9216K, used 3008K [0x00000000d5580000, 0x00000000d6280000, 0x0000000100000000)
  eden space 6144K, 0% used [0x00000000d5580000,0x00000000d5580000,0x00000000d5b80000)
  from space 3072K, 97% used [0x00000000d5b80000,0x00000000d5e70000,0x00000000d5e80000)
  to   space 3584K, 0% used [0x00000000d5f00000,0x00000000d5f00000,0x00000000d6280000)
 ParOldGen       total 300544K, used 300524K [0x0000000080000000, 0x0000000092580000, 0x00000000d5580000)
  object space 300544K, 99% used [0x0000000080000000,0x000000009257b1f0,0x0000000092580000)
 Metaspace       used 96582K, committed 98368K, reserved 1179648K
  class space    used 11565K, committed 12416K, reserved 1048576K
}
Event: 977.221 GC heap before
{Heap before GC invocations=339 (full 3):
 PSYoungGen      total 9216K, used 9152K [0x00000000d5580000, 0x00000000d6280000, 0x0000000100000000)
  eden space 6144K, 100% used [0x00000000d5580000,0x00000000d5b80000,0x00000000d5b80000)
  from space 3072K, 97% used [0x00000000d5b80000,0x00000000d5e70000,0x00000000d5e80000)
  to   space 3584K, 0% used [0x00000000d5f00000,0x00000000d5f00000,0x00000000d6280000)
 ParOldGen       total 300544K, used 300524K [0x0000000080000000, 0x0000000092580000, 0x00000000d5580000)
  object space 300544K, 99% used [0x0000000080000000,0x000000009257b1f0,0x0000000092580000)
 Metaspace       used 96582K, committed 98368K, reserved 1179648K
  class space    used 11565K, committed 12416K, reserved 1048576K
}
Event: 977.224 GC heap after
{Heap after GC invocations=339 (full 3):
 PSYoungGen      total 7168K, used 864K [0x00000000d5580000, 0x00000000d6000000, 0x0000000100000000)
  eden space 6144K, 0% used [0x00000000d5580000,0x00000000d5580000,0x00000000d5b80000)
  from space 1024K, 84% used [0x00000000d5f00000,0x00000000d5fd8000,0x00000000d6000000)
  to   space 2048K, 0% used [0x00000000d5c00000,0x00000000d5c00000,0x00000000d5e00000)
 ParOldGen       total 303616K, used 303356K [0x0000000080000000, 0x0000000092880000, 0x00000000d5580000)
  object space 303616K, 99% used [0x0000000080000000,0x000000009283f1f0,0x0000000092880000)
 Metaspace       used 96582K, committed 98368K, reserved 1179648K
  class space    used 11565K, committed 12416K, reserved 1048576K
}
Event: 977.248 GC heap before
{Heap before GC invocations=340 (full 3):
 PSYoungGen      total 7168K, used 6611K [0x00000000d5580000, 0x00000000d6000000, 0x0000000100000000)
  eden space 6144K, 93% used [0x00000000d5580000,0x00000000d5b1cdc8,0x00000000d5b80000)
  from space 1024K, 84% used [0x00000000d5f00000,0x00000000d5fd8000,0x00000000d6000000)
  to   space 2048K, 0% used [0x00000000d5c00000,0x00000000d5c00000,0x00000000d5e00000)
 ParOldGen       total 303616K, used 303356K [0x0000000080000000, 0x0000000092880000, 0x00000000d5580000)
  object space 303616K, 99% used [0x0000000080000000,0x000000009283f1f0,0x0000000092880000)
 Metaspace       used 96582K, committed 98368K, reserved 1179648K
  class space    used 11565K, committed 12416K, reserved 1048576K
}
Event: 977.249 GC heap after
{Heap after GC invocations=340 (full 3):
 PSYoungGen      total 8192K, used 693K [0x00000000d5580000, 0x00000000d5f80000, 0x0000000100000000)
  eden space 6144K, 0% used [0x00000000d5580000,0x00000000d5580000,0x00000000d5b80000)
  from space 2048K, 33% used [0x00000000d5c00000,0x00000000d5cad618,0x00000000d5e00000)
  to   space 1024K, 0% used [0x00000000d5e80000,0x00000000d5e80000,0x00000000d5f80000)
 ParOldGen       total 304128K, used 303684K [0x0000000080000000, 0x0000000092900000, 0x00000000d5580000)
  object space 304128K, 99% used [0x0000000080000000,0x00000000928911f0,0x0000000092900000)
 Metaspace       used 96582K, committed 98368K, reserved 1179648K
  class space    used 11565K, committed 12416K, reserved 1048576K
}
Event: 977.249 GC heap before
{Heap before GC invocations=341 (full 4):
 PSYoungGen      total 8192K, used 693K [0x00000000d5580000, 0x00000000d5f80000, 0x0000000100000000)
  eden space 6144K, 0% used [0x00000000d5580000,0x00000000d5580000,0x00000000d5b80000)
  from space 2048K, 33% used [0x00000000d5c00000,0x00000000d5cad618,0x00000000d5e00000)
  to   space 1024K, 0% used [0x00000000d5e80000,0x00000000d5e80000,0x00000000d5f80000)
 ParOldGen       total 304128K, used 303684K [0x0000000080000000, 0x0000000092900000, 0x00000000d5580000)
  object space 304128K, 99% used [0x0000000080000000,0x00000000928911f0,0x0000000092900000)
 Metaspace       used 96582K, committed 98368K, reserved 1179648K
  class space    used 11565K, committed 12416K, reserved 1048576K
}
Event: 982.439 GC heap after
{Heap after GC invocations=341 (full 4):
 PSYoungGen      total 8192K, used 0K [0x00000000d5580000, 0x00000000d5f80000, 0x0000000100000000)
  eden space 6144K, 0% used [0x00000000d5580000,0x00000000d5580000,0x00000000d5b80000)
  from space 2048K, 0% used [0x00000000d5c00000,0x00000000d5c00000,0x00000000d5e00000)
  to   space 1024K, 0% used [0x00000000d5e80000,0x00000000d5e80000,0x00000000d5f80000)
 ParOldGen       total 304128K, used 78363K [0x0000000080000000, 0x0000000092900000, 0x00000000d5580000)
  object space 304128K, 25% used [0x0000000080000000,0x0000000084c86f78,0x0000000092900000)
 Metaspace       used 96582K, committed 98368K, reserved 1179648K
  class space    used 11565K, committed 12416K, reserved 1048576K
}
Event: 982.508 GC heap before
{Heap before GC invocations=342 (full 4):
 PSYoungGen      total 8192K, used 6144K [0x00000000d5580000, 0x00000000d5f80000, 0x0000000100000000)
  eden space 6144K, 100% used [0x00000000d5580000,0x00000000d5b80000,0x00000000d5b80000)
  from space 2048K, 0% used [0x00000000d5c00000,0x00000000d5c00000,0x00000000d5e00000)
  to   space 1024K, 0% used [0x00000000d5e80000,0x00000000d5e80000,0x00000000d5f80000)
 ParOldGen       total 304128K, used 78363K [0x0000000080000000, 0x0000000092900000, 0x00000000d5580000)
  object space 304128K, 25% used [0x0000000080000000,0x0000000084c86f78,0x0000000092900000)
 Metaspace       used 96602K, committed 98368K, reserved 1179648K
  class space    used 11565K, committed 12416K, reserved 1048576K
}
Event: 982.509 GC heap after
{Heap after GC invocations=342 (full 4):
 PSYoungGen      total 7168K, used 1024K [0x00000000d5580000, 0x00000000d5f80000, 0x0000000100000000)
  eden space 6144K, 0% used [0x00000000d5580000,0x00000000d5580000,0x00000000d5b80000)
  from space 1024K, 100% used [0x00000000d5e80000,0x00000000d5f80000,0x00000000d5f80000)
  to   space 1536K, 0% used [0x00000000d5c80000,0x00000000d5c80000,0x00000000d5e00000)
 ParOldGen       total 304128K, used 78523K [0x0000000080000000, 0x0000000092900000, 0x00000000d5580000)
  object space 304128K, 25% used [0x0000000080000000,0x0000000084caef78,0x0000000092900000)
 Metaspace       used 96602K, committed 98368K, reserved 1179648K
  class space    used 11565K, committed 12416K, reserved 1048576K
}
Event: 982.579 GC heap before
{Heap before GC invocations=343 (full 4):
 PSYoungGen      total 7168K, used 7168K [0x00000000d5580000, 0x00000000d5f80000, 0x0000000100000000)
  eden space 6144K, 100% used [0x00000000d5580000,0x00000000d5b80000,0x00000000d5b80000)
  from space 1024K, 100% used [0x00000000d5e80000,0x00000000d5f80000,0x00000000d5f80000)
  to   space 1536K, 0% used [0x00000000d5c80000,0x00000000d5c80000,0x00000000d5e00000)
 ParOldGen       total 304128K, used 78523K [0x0000000080000000, 0x0000000092900000, 0x00000000d5580000)
  object space 304128K, 25% used [0x0000000080000000,0x0000000084caef78,0x0000000092900000)
 Metaspace       used 96602K, committed 98368K, reserved 1179648K
  class space    used 11565K, committed 12416K, reserved 1048576K
}
Event: 982.582 GC heap after
{Heap after GC invocations=343 (full 4):
 PSYoungGen      total 7680K, used 1525K [0x00000000d5580000, 0x00000000d6180000, 0x0000000100000000)
  eden space 6144K, 0% used [0x00000000d5580000,0x00000000d5580000,0x00000000d5b80000)
  from space 1536K, 99% used [0x00000000d5c80000,0x00000000d5dfd6b8,0x00000000d5e00000)
  to   space 3072K, 0% used [0x00000000d5e80000,0x00000000d5e80000,0x00000000d6180000)
 ParOldGen       total 304128K, used 79659K [0x0000000080000000, 0x0000000092900000, 0x00000000d5580000)
  object space 304128K, 26% used [0x0000000080000000,0x0000000084dcaf78,0x0000000092900000)
 Metaspace       used 96602K, committed 98368K, reserved 1179648K
  class space    used 11565K, committed 12416K, reserved 1048576K
}
Event: 982.617 GC heap before
{Heap before GC invocations=344 (full 4):
 PSYoungGen      total 7680K, used 7669K [0x00000000d5580000, 0x00000000d6180000, 0x0000000100000000)
  eden space 6144K, 100% used [0x00000000d5580000,0x00000000d5b80000,0x00000000d5b80000)
  from space 1536K, 99% used [0x00000000d5c80000,0x00000000d5dfd6b8,0x00000000d5e00000)
  to   space 3072K, 0% used [0x00000000d5e80000,0x00000000d5e80000,0x00000000d6180000)
 ParOldGen       total 304128K, used 79659K [0x0000000080000000, 0x0000000092900000, 0x00000000d5580000)
  object space 304128K, 26% used [0x0000000080000000,0x0000000084dcaf78,0x0000000092900000)
 Metaspace       used 96602K, committed 98368K, reserved 1179648K
  class space    used 11565K, committed 12416K, reserved 1048576K
}
Event: 982.620 GC heap after
{Heap after GC invocations=344 (full 4):
 PSYoungGen      total 8192K, used 1600K [0x00000000d5580000, 0x00000000d6080000, 0x0000000100000000)
  eden space 6144K, 0% used [0x00000000d5580000,0x00000000d5580000,0x00000000d5b80000)
  from space 2048K, 78% used [0x00000000d5e80000,0x00000000d6010000,0x00000000d6080000)
  to   space 2048K, 0% used [0x00000000d5c80000,0x00000000d5c80000,0x00000000d5e80000)
 ParOldGen       total 304128K, used 80744K [0x0000000080000000, 0x0000000092900000, 0x00000000d5580000)
  object space 304128K, 26% used [0x0000000080000000,0x0000000084eda3f8,0x0000000092900000)
 Metaspace       used 96602K, committed 98368K, reserved 1179648K
  class space    used 11565K, committed 12416K, reserved 1048576K
}
Event: 982.650 GC heap before
{Heap before GC invocations=345 (full 4):
 PSYoungGen      total 8192K, used 7456K [0x00000000d5580000, 0x00000000d6080000, 0x0000000100000000)
  eden space 6144K, 95% used [0x00000000d5580000,0x00000000d5b38088,0x00000000d5b80000)
  from space 2048K, 78% used [0x00000000d5e80000,0x00000000d6010000,0x00000000d6080000)
  to   space 2048K, 0% used [0x00000000d5c80000,0x00000000d5c80000,0x00000000d5e80000)
 ParOldGen       total 304128K, used 80744K [0x0000000080000000, 0x0000000092900000, 0x00000000d5580000)
  object space 304128K, 26% used [0x0000000080000000,0x0000000084eda3f8,0x0000000092900000)
 Metaspace       used 96605K, committed 98368K, reserved 1179648K
  class space    used 11565K, committed 12416K, reserved 1048576K
}
Event: 982.654 GC heap after
{Heap after GC invocations=345 (full 4):
 PSYoungGen      total 7168K, used 925K [0x00000000d5580000, 0x00000000d5f00000, 0x0000000100000000)
  eden space 6144K, 0% used [0x00000000d5580000,0x00000000d5580000,0x00000000d5b80000)
  from space 1024K, 90% used [0x00000000d5c80000,0x00000000d5d67708,0x00000000d5d80000)
  to   space 1536K, 0% used [0x00000000d5d80000,0x00000000d5d80000,0x00000000d5f00000)
 ParOldGen       total 304128K, used 82216K [0x0000000080000000, 0x0000000092900000, 0x00000000d5580000)
  object space 304128K, 27% used [0x0000000080000000,0x000000008504a3f8,0x0000000092900000)
 Metaspace       used 96605K, committed 98368K, reserved 1179648K
  class space    used 11565K, committed 12416K, reserved 1048576K
}
Event: 982.703 GC heap before
{Heap before GC invocations=346 (full 4):
 PSYoungGen      total 7168K, used 7069K [0x00000000d5580000, 0x00000000d5f00000, 0x0000000100000000)
  eden space 6144K, 100% used [0x00000000d5580000,0x00000000d5b80000,0x00000000d5b80000)
  from space 1024K, 90% used [0x00000000d5c80000,0x00000000d5d67708,0x00000000d5d80000)
  to   space 1536K, 0% used [0x00000000d5d80000,0x00000000d5d80000,0x00000000d5f00000)
 ParOldGen       total 304128K, used 82216K [0x0000000080000000, 0x0000000092900000, 0x00000000d5580000)
  object space 304128K, 27% used [0x0000000080000000,0x000000008504a3f8,0x0000000092900000)
 Metaspace       used 96611K, committed 98368K, reserved 1179648K
  class space    used 11565K, committed 12416K, reserved 1048576K
}
Event: 982.705 GC heap after
{Heap after GC invocations=346 (full 4):
 PSYoungGen      total 6656K, used 468K [0x00000000d5580000, 0x00000000d5e00000, 0x0000000100000000)
  eden space 6144K, 0% used [0x00000000d5580000,0x00000000d5580000,0x00000000d5b80000)
  from space 512K, 91% used [0x00000000d5d80000,0x00000000d5df5198,0x00000000d5e00000)
  to   space 1024K, 0% used [0x00000000d5c00000,0x00000000d5c00000,0x00000000d5d00000)
 ParOldGen       total 304128K, used 82368K [0x0000000080000000, 0x0000000092900000, 0x00000000d5580000)
  object space 304128K, 27% used [0x0000000080000000,0x00000000850703f8,0x0000000092900000)
 Metaspace       used 96611K, committed 98368K, reserved 1179648K
  class space    used 11565K, committed 12416K, reserved 1048576K
}
Event: 982.736 GC heap before
{Heap before GC invocations=347 (full 4):
 PSYoungGen      total 6656K, used 6612K [0x00000000d5580000, 0x00000000d5e00000, 0x0000000100000000)
  eden space 6144K, 100% used [0x00000000d5580000,0x00000000d5b80000,0x00000000d5b80000)
  from space 512K, 91% used [0x00000000d5d80000,0x00000000d5df5198,0x00000000d5e00000)
  to   space 1024K, 0% used [0x00000000d5c00000,0x00000000d5c00000,0x00000000d5d00000)
 ParOldGen       total 304128K, used 82368K [0x0000000080000000, 0x0000000092900000, 0x00000000d5580000)
  object space 304128K, 27% used [0x0000000080000000,0x00000000850703f8,0x0000000092900000)
 Metaspace       used 96611K, committed 98368K, reserved 1179648K
  class space    used 11565K, committed 12416K, reserved 1048576K
}
Event: 982.737 GC heap after
{Heap after GC invocations=347 (full 4):
 PSYoungGen      total 7168K, used 800K [0x00000000d5580000, 0x00000000d5e00000, 0x0000000100000000)
  eden space 6144K, 0% used [0x00000000d5580000,0x00000000d5580000,0x00000000d5b80000)
  from space 1024K, 78% used [0x00000000d5c00000,0x00000000d5cc8000,0x00000000d5d00000)
  to   space 1024K, 0% used [0x00000000d5d00000,0x00000000d5d00000,0x00000000d5e00000)
 ParOldGen       total 304128K, used 82368K [0x0000000080000000, 0x0000000092900000, 0x00000000d5580000)
  object space 304128K, 27% used [0x0000000080000000,0x00000000850703f8,0x0000000092900000)
 Metaspace       used 96611K, committed 98368K, reserved 1179648K
  class space    used 11565K, committed 12416K, reserved 1048576K
}

